2024-02-14 21:39:52 SpringApplication [ERROR] Application run failed
java.lang.IllegalStateException: java.lang.IllegalStateException: Could not initialize Log4J2 logging from src/main/resources/log4j2.xml
	at org.springframework.boot.context.logging.LoggingApplicationListener.initializeSystem(LoggingApplicationListener.java:347) ~[spring-boot-3.2.2.jar:3.2.2]
	at org.springframework.boot.context.logging.LoggingApplicationListener.initialize(LoggingApplicationListener.java:298) ~[spring-boot-3.2.2.jar:3.2.2]
	at org.springframework.boot.context.logging.LoggingApplicationListener.onApplicationEnvironmentPreparedEvent(LoggingApplicationListener.java:246) ~[spring-boot-3.2.2.jar:3.2.2]
	at org.springframework.boot.context.logging.LoggingApplicationListener.onApplicationEvent(LoggingApplicationListener.java:223) ~[spring-boot-3.2.2.jar:3.2.2]
	at org.springframework.context.event.SimpleApplicationEventMulticaster.doInvokeListener(SimpleApplicationEventMulticaster.java:178) ~[spring-context-6.1.3.jar:6.1.3]
	at org.springframework.context.event.SimpleApplicationEventMulticaster.invokeListener(SimpleApplicationEventMulticaster.java:171) ~[spring-context-6.1.3.jar:6.1.3]
	at org.springframework.context.event.SimpleApplicationEventMulticaster.multicastEvent(SimpleApplicationEventMulticaster.java:149) ~[spring-context-6.1.3.jar:6.1.3]
	at org.springframework.context.event.SimpleApplicationEventMulticaster.multicastEvent(SimpleApplicationEventMulticaster.java:137) ~[spring-context-6.1.3.jar:6.1.3]
	at org.springframework.boot.context.event.EventPublishingRunListener.multicastInitialEvent(EventPublishingRunListener.java:136) ~[spring-boot-3.2.2.jar:3.2.2]
	at org.springframework.boot.context.event.EventPublishingRunListener.environmentPrepared(EventPublishingRunListener.java:81) ~[spring-boot-3.2.2.jar:3.2.2]
	at org.springframework.boot.SpringApplicationRunListeners.lambda$environmentPrepared$2(SpringApplicationRunListeners.java:64) ~[spring-boot-3.2.2.jar:3.2.2]
	at java.base/java.lang.Iterable.forEach(Iterable.java:75) ~[?:?]
	at org.springframework.boot.SpringApplicationRunListeners.doWithListeners(SpringApplicationRunListeners.java:118) ~[spring-boot-3.2.2.jar:3.2.2]
	at org.springframework.boot.SpringApplicationRunListeners.doWithListeners(SpringApplicationRunListeners.java:112) ~[spring-boot-3.2.2.jar:3.2.2]
	at org.springframework.boot.SpringApplicationRunListeners.environmentPrepared(SpringApplicationRunListeners.java:63) ~[spring-boot-3.2.2.jar:3.2.2]
	at org.springframework.boot.SpringApplication.prepareEnvironment(SpringApplication.java:369) [spring-boot-3.2.2.jar:3.2.2]
	at org.springframework.boot.SpringApplication.run(SpringApplication.java:329) [spring-boot-3.2.2.jar:3.2.2]
	at org.springframework.boot.SpringApplication.run(SpringApplication.java:1354) [spring-boot-3.2.2.jar:3.2.2]
	at org.springframework.boot.SpringApplication.run(SpringApplication.java:1343) [spring-boot-3.2.2.jar:3.2.2]
	at com.lms.lmsapi.LmsapiApplication.main(LmsapiApplication.java:11) [classes/:?]
Caused by: java.lang.IllegalStateException: Could not initialize Log4J2 logging from src/main/resources/log4j2.xml
	at org.springframework.boot.logging.log4j2.Log4J2LoggingSystem.loadConfiguration(Log4J2LoggingSystem.java:298) ~[spring-boot-3.2.2.jar:3.2.2]
	at org.springframework.boot.logging.log4j2.Log4J2LoggingSystem.load(Log4J2LoggingSystem.java:267) ~[spring-boot-3.2.2.jar:3.2.2]
	at org.springframework.boot.logging.log4j2.Log4J2LoggingSystem.loadConfiguration(Log4J2LoggingSystem.java:259) ~[spring-boot-3.2.2.jar:3.2.2]
	at org.springframework.boot.logging.AbstractLoggingSystem.initializeWithSpecificConfig(AbstractLoggingSystem.java:67) ~[spring-boot-3.2.2.jar:3.2.2]
	at org.springframework.boot.logging.AbstractLoggingSystem.initialize(AbstractLoggingSystem.java:58) ~[spring-boot-3.2.2.jar:3.2.2]
	at org.springframework.boot.logging.log4j2.Log4J2LoggingSystem.initialize(Log4J2LoggingSystem.java:246) ~[spring-boot-3.2.2.jar:3.2.2]
	at org.springframework.boot.context.logging.LoggingApplicationListener.initializeSystem(LoggingApplicationListener.java:335) ~[spring-boot-3.2.2.jar:3.2.2]
	... 19 more
Caused by: java.io.FileNotFoundException: D:\steph\Documents\Dev\lmsapi\lmsapi\src\main\resources\log4j2.xml (The system cannot find the file specified)
	at java.base/java.io.FileInputStream.open0(Native Method) ~[?:?]
	at java.base/java.io.FileInputStream.open(FileInputStream.java:216) ~[?:?]
	at java.base/java.io.FileInputStream.<init>(FileInputStream.java:157) ~[?:?]
	at java.base/java.io.FileInputStream.<init>(FileInputStream.java:111) ~[?:?]
	at java.base/sun.net.www.protocol.file.FileURLConnection.connect(FileURLConnection.java:86) ~[?:?]
	at java.base/sun.net.www.protocol.file.FileURLConnection.getInputStream(FileURLConnection.java:189) ~[?:?]
	at java.base/java.net.URL.openStream(URL.java:1161) ~[?:?]
	at org.springframework.boot.logging.log4j2.Log4J2LoggingSystem.getConfigurationSource(Log4J2LoggingSystem.java:310) ~[spring-boot-3.2.2.jar:3.2.2]
	at org.springframework.boot.logging.log4j2.Log4J2LoggingSystem.load(Log4J2LoggingSystem.java:304) ~[spring-boot-3.2.2.jar:3.2.2]
	at org.springframework.boot.logging.log4j2.Log4J2LoggingSystem.loadConfiguration(Log4J2LoggingSystem.java:289) ~[spring-boot-3.2.2.jar:3.2.2]
	at org.springframework.boot.logging.log4j2.Log4J2LoggingSystem.load(Log4J2LoggingSystem.java:267) ~[spring-boot-3.2.2.jar:3.2.2]
	at org.springframework.boot.logging.log4j2.Log4J2LoggingSystem.loadConfiguration(Log4J2LoggingSystem.java:259) ~[spring-boot-3.2.2.jar:3.2.2]
	at org.springframework.boot.logging.AbstractLoggingSystem.initializeWithSpecificConfig(AbstractLoggingSystem.java:67) ~[spring-boot-3.2.2.jar:3.2.2]
	at org.springframework.boot.logging.AbstractLoggingSystem.initialize(AbstractLoggingSystem.java:58) ~[spring-boot-3.2.2.jar:3.2.2]
	at org.springframework.boot.logging.log4j2.Log4J2LoggingSystem.initialize(Log4J2LoggingSystem.java:246) ~[spring-boot-3.2.2.jar:3.2.2]
	at org.springframework.boot.context.logging.LoggingApplicationListener.initializeSystem(LoggingApplicationListener.java:335) ~[spring-boot-3.2.2.jar:3.2.2]
	... 19 more
2024-02-14 21:41:48 SpringApplication [ERROR] Application run failed
java.lang.IllegalStateException: java.lang.IllegalStateException: Could not initialize Log4J2 logging from src/main/resources/log4j2.xml
	at org.springframework.boot.context.logging.LoggingApplicationListener.initializeSystem(LoggingApplicationListener.java:347) ~[spring-boot-3.2.2.jar:3.2.2]
	at org.springframework.boot.context.logging.LoggingApplicationListener.initialize(LoggingApplicationListener.java:298) ~[spring-boot-3.2.2.jar:3.2.2]
	at org.springframework.boot.context.logging.LoggingApplicationListener.onApplicationEnvironmentPreparedEvent(LoggingApplicationListener.java:246) ~[spring-boot-3.2.2.jar:3.2.2]
	at org.springframework.boot.context.logging.LoggingApplicationListener.onApplicationEvent(LoggingApplicationListener.java:223) ~[spring-boot-3.2.2.jar:3.2.2]
	at org.springframework.context.event.SimpleApplicationEventMulticaster.doInvokeListener(SimpleApplicationEventMulticaster.java:178) ~[spring-context-6.1.3.jar:6.1.3]
	at org.springframework.context.event.SimpleApplicationEventMulticaster.invokeListener(SimpleApplicationEventMulticaster.java:171) ~[spring-context-6.1.3.jar:6.1.3]
	at org.springframework.context.event.SimpleApplicationEventMulticaster.multicastEvent(SimpleApplicationEventMulticaster.java:149) ~[spring-context-6.1.3.jar:6.1.3]
	at org.springframework.context.event.SimpleApplicationEventMulticaster.multicastEvent(SimpleApplicationEventMulticaster.java:137) ~[spring-context-6.1.3.jar:6.1.3]
	at org.springframework.boot.context.event.EventPublishingRunListener.multicastInitialEvent(EventPublishingRunListener.java:136) ~[spring-boot-3.2.2.jar:3.2.2]
	at org.springframework.boot.context.event.EventPublishingRunListener.environmentPrepared(EventPublishingRunListener.java:81) ~[spring-boot-3.2.2.jar:3.2.2]
	at org.springframework.boot.SpringApplicationRunListeners.lambda$environmentPrepared$2(SpringApplicationRunListeners.java:64) ~[spring-boot-3.2.2.jar:3.2.2]
	at java.base/java.lang.Iterable.forEach(Iterable.java:75) ~[?:?]
	at org.springframework.boot.SpringApplicationRunListeners.doWithListeners(SpringApplicationRunListeners.java:118) ~[spring-boot-3.2.2.jar:3.2.2]
	at org.springframework.boot.SpringApplicationRunListeners.doWithListeners(SpringApplicationRunListeners.java:112) ~[spring-boot-3.2.2.jar:3.2.2]
	at org.springframework.boot.SpringApplicationRunListeners.environmentPrepared(SpringApplicationRunListeners.java:63) ~[spring-boot-3.2.2.jar:3.2.2]
	at org.springframework.boot.SpringApplication.prepareEnvironment(SpringApplication.java:369) [spring-boot-3.2.2.jar:3.2.2]
	at org.springframework.boot.SpringApplication.run(SpringApplication.java:329) [spring-boot-3.2.2.jar:3.2.2]
	at org.springframework.boot.SpringApplication.run(SpringApplication.java:1354) [spring-boot-3.2.2.jar:3.2.2]
	at org.springframework.boot.SpringApplication.run(SpringApplication.java:1343) [spring-boot-3.2.2.jar:3.2.2]
	at com.lms.lmsapi.LmsapiApplication.main(LmsapiApplication.java:11) [classes/:?]
Caused by: java.lang.IllegalStateException: Could not initialize Log4J2 logging from src/main/resources/log4j2.xml
	at org.springframework.boot.logging.log4j2.Log4J2LoggingSystem.loadConfiguration(Log4J2LoggingSystem.java:298) ~[spring-boot-3.2.2.jar:3.2.2]
	at org.springframework.boot.logging.log4j2.Log4J2LoggingSystem.load(Log4J2LoggingSystem.java:267) ~[spring-boot-3.2.2.jar:3.2.2]
	at org.springframework.boot.logging.log4j2.Log4J2LoggingSystem.loadConfiguration(Log4J2LoggingSystem.java:259) ~[spring-boot-3.2.2.jar:3.2.2]
	at org.springframework.boot.logging.AbstractLoggingSystem.initializeWithSpecificConfig(AbstractLoggingSystem.java:67) ~[spring-boot-3.2.2.jar:3.2.2]
	at org.springframework.boot.logging.AbstractLoggingSystem.initialize(AbstractLoggingSystem.java:58) ~[spring-boot-3.2.2.jar:3.2.2]
	at org.springframework.boot.logging.log4j2.Log4J2LoggingSystem.initialize(Log4J2LoggingSystem.java:246) ~[spring-boot-3.2.2.jar:3.2.2]
	at org.springframework.boot.context.logging.LoggingApplicationListener.initializeSystem(LoggingApplicationListener.java:335) ~[spring-boot-3.2.2.jar:3.2.2]
	... 19 more
Caused by: java.io.FileNotFoundException: D:\steph\Documents\Dev\lmsapi\lmsapi\src\main\resources\log4j2.xml (The system cannot find the file specified)
	at java.base/java.io.FileInputStream.open0(Native Method) ~[?:?]
	at java.base/java.io.FileInputStream.open(FileInputStream.java:216) ~[?:?]
	at java.base/java.io.FileInputStream.<init>(FileInputStream.java:157) ~[?:?]
	at java.base/java.io.FileInputStream.<init>(FileInputStream.java:111) ~[?:?]
	at java.base/sun.net.www.protocol.file.FileURLConnection.connect(FileURLConnection.java:86) ~[?:?]
	at java.base/sun.net.www.protocol.file.FileURLConnection.getInputStream(FileURLConnection.java:189) ~[?:?]
	at java.base/java.net.URL.openStream(URL.java:1161) ~[?:?]
	at org.springframework.boot.logging.log4j2.Log4J2LoggingSystem.getConfigurationSource(Log4J2LoggingSystem.java:310) ~[spring-boot-3.2.2.jar:3.2.2]
	at org.springframework.boot.logging.log4j2.Log4J2LoggingSystem.load(Log4J2LoggingSystem.java:304) ~[spring-boot-3.2.2.jar:3.2.2]
	at org.springframework.boot.logging.log4j2.Log4J2LoggingSystem.loadConfiguration(Log4J2LoggingSystem.java:289) ~[spring-boot-3.2.2.jar:3.2.2]
	at org.springframework.boot.logging.log4j2.Log4J2LoggingSystem.load(Log4J2LoggingSystem.java:267) ~[spring-boot-3.2.2.jar:3.2.2]
	at org.springframework.boot.logging.log4j2.Log4J2LoggingSystem.loadConfiguration(Log4J2LoggingSystem.java:259) ~[spring-boot-3.2.2.jar:3.2.2]
	at org.springframework.boot.logging.AbstractLoggingSystem.initializeWithSpecificConfig(AbstractLoggingSystem.java:67) ~[spring-boot-3.2.2.jar:3.2.2]
	at org.springframework.boot.logging.AbstractLoggingSystem.initialize(AbstractLoggingSystem.java:58) ~[spring-boot-3.2.2.jar:3.2.2]
	at org.springframework.boot.logging.log4j2.Log4J2LoggingSystem.initialize(Log4J2LoggingSystem.java:246) ~[spring-boot-3.2.2.jar:3.2.2]
	at org.springframework.boot.context.logging.LoggingApplicationListener.initializeSystem(LoggingApplicationListener.java:335) ~[spring-boot-3.2.2.jar:3.2.2]
	... 19 more
2024-02-14 21:42:20 SpringApplication [ERROR] Application run failed
java.lang.IllegalStateException: java.lang.IllegalStateException: Could not initialize Log4J2 logging from src/main/resources/log4j2.xml
	at org.springframework.boot.context.logging.LoggingApplicationListener.initializeSystem(LoggingApplicationListener.java:347) ~[spring-boot-3.2.2.jar:3.2.2]
	at org.springframework.boot.context.logging.LoggingApplicationListener.initialize(LoggingApplicationListener.java:298) ~[spring-boot-3.2.2.jar:3.2.2]
	at org.springframework.boot.context.logging.LoggingApplicationListener.onApplicationEnvironmentPreparedEvent(LoggingApplicationListener.java:246) ~[spring-boot-3.2.2.jar:3.2.2]
	at org.springframework.boot.context.logging.LoggingApplicationListener.onApplicationEvent(LoggingApplicationListener.java:223) ~[spring-boot-3.2.2.jar:3.2.2]
	at org.springframework.context.event.SimpleApplicationEventMulticaster.doInvokeListener(SimpleApplicationEventMulticaster.java:178) ~[spring-context-6.1.3.jar:6.1.3]
	at org.springframework.context.event.SimpleApplicationEventMulticaster.invokeListener(SimpleApplicationEventMulticaster.java:171) ~[spring-context-6.1.3.jar:6.1.3]
	at org.springframework.context.event.SimpleApplicationEventMulticaster.multicastEvent(SimpleApplicationEventMulticaster.java:149) ~[spring-context-6.1.3.jar:6.1.3]
	at org.springframework.context.event.SimpleApplicationEventMulticaster.multicastEvent(SimpleApplicationEventMulticaster.java:137) ~[spring-context-6.1.3.jar:6.1.3]
	at org.springframework.boot.context.event.EventPublishingRunListener.multicastInitialEvent(EventPublishingRunListener.java:136) ~[spring-boot-3.2.2.jar:3.2.2]
	at org.springframework.boot.context.event.EventPublishingRunListener.environmentPrepared(EventPublishingRunListener.java:81) ~[spring-boot-3.2.2.jar:3.2.2]
	at org.springframework.boot.SpringApplicationRunListeners.lambda$environmentPrepared$2(SpringApplicationRunListeners.java:64) ~[spring-boot-3.2.2.jar:3.2.2]
	at java.base/java.lang.Iterable.forEach(Iterable.java:75) ~[?:?]
	at org.springframework.boot.SpringApplicationRunListeners.doWithListeners(SpringApplicationRunListeners.java:118) ~[spring-boot-3.2.2.jar:3.2.2]
	at org.springframework.boot.SpringApplicationRunListeners.doWithListeners(SpringApplicationRunListeners.java:112) ~[spring-boot-3.2.2.jar:3.2.2]
	at org.springframework.boot.SpringApplicationRunListeners.environmentPrepared(SpringApplicationRunListeners.java:63) ~[spring-boot-3.2.2.jar:3.2.2]
	at org.springframework.boot.SpringApplication.prepareEnvironment(SpringApplication.java:369) [spring-boot-3.2.2.jar:3.2.2]
	at org.springframework.boot.SpringApplication.run(SpringApplication.java:329) [spring-boot-3.2.2.jar:3.2.2]
	at org.springframework.boot.SpringApplication.run(SpringApplication.java:1354) [spring-boot-3.2.2.jar:3.2.2]
	at org.springframework.boot.SpringApplication.run(SpringApplication.java:1343) [spring-boot-3.2.2.jar:3.2.2]
	at com.lms.lmsapi.LmsapiApplication.main(LmsapiApplication.java:11) [classes/:?]
Caused by: java.lang.IllegalStateException: Could not initialize Log4J2 logging from src/main/resources/log4j2.xml
	at org.springframework.boot.logging.log4j2.Log4J2LoggingSystem.loadConfiguration(Log4J2LoggingSystem.java:298) ~[spring-boot-3.2.2.jar:3.2.2]
	at org.springframework.boot.logging.log4j2.Log4J2LoggingSystem.load(Log4J2LoggingSystem.java:267) ~[spring-boot-3.2.2.jar:3.2.2]
	at org.springframework.boot.logging.log4j2.Log4J2LoggingSystem.loadConfiguration(Log4J2LoggingSystem.java:259) ~[spring-boot-3.2.2.jar:3.2.2]
	at org.springframework.boot.logging.AbstractLoggingSystem.initializeWithSpecificConfig(AbstractLoggingSystem.java:67) ~[spring-boot-3.2.2.jar:3.2.2]
	at org.springframework.boot.logging.AbstractLoggingSystem.initialize(AbstractLoggingSystem.java:58) ~[spring-boot-3.2.2.jar:3.2.2]
	at org.springframework.boot.logging.log4j2.Log4J2LoggingSystem.initialize(Log4J2LoggingSystem.java:246) ~[spring-boot-3.2.2.jar:3.2.2]
	at org.springframework.boot.context.logging.LoggingApplicationListener.initializeSystem(LoggingApplicationListener.java:335) ~[spring-boot-3.2.2.jar:3.2.2]
	... 19 more
Caused by: java.io.FileNotFoundException: D:\steph\Documents\Dev\lmsapi\lmsapi\src\main\resources\log4j2.xml (The system cannot find the file specified)
	at java.base/java.io.FileInputStream.open0(Native Method) ~[?:?]
	at java.base/java.io.FileInputStream.open(FileInputStream.java:216) ~[?:?]
	at java.base/java.io.FileInputStream.<init>(FileInputStream.java:157) ~[?:?]
	at java.base/java.io.FileInputStream.<init>(FileInputStream.java:111) ~[?:?]
	at java.base/sun.net.www.protocol.file.FileURLConnection.connect(FileURLConnection.java:86) ~[?:?]
	at java.base/sun.net.www.protocol.file.FileURLConnection.getInputStream(FileURLConnection.java:189) ~[?:?]
	at java.base/java.net.URL.openStream(URL.java:1161) ~[?:?]
	at org.springframework.boot.logging.log4j2.Log4J2LoggingSystem.getConfigurationSource(Log4J2LoggingSystem.java:310) ~[spring-boot-3.2.2.jar:3.2.2]
	at org.springframework.boot.logging.log4j2.Log4J2LoggingSystem.load(Log4J2LoggingSystem.java:304) ~[spring-boot-3.2.2.jar:3.2.2]
	at org.springframework.boot.logging.log4j2.Log4J2LoggingSystem.loadConfiguration(Log4J2LoggingSystem.java:289) ~[spring-boot-3.2.2.jar:3.2.2]
	at org.springframework.boot.logging.log4j2.Log4J2LoggingSystem.load(Log4J2LoggingSystem.java:267) ~[spring-boot-3.2.2.jar:3.2.2]
	at org.springframework.boot.logging.log4j2.Log4J2LoggingSystem.loadConfiguration(Log4J2LoggingSystem.java:259) ~[spring-boot-3.2.2.jar:3.2.2]
	at org.springframework.boot.logging.AbstractLoggingSystem.initializeWithSpecificConfig(AbstractLoggingSystem.java:67) ~[spring-boot-3.2.2.jar:3.2.2]
	at org.springframework.boot.logging.AbstractLoggingSystem.initialize(AbstractLoggingSystem.java:58) ~[spring-boot-3.2.2.jar:3.2.2]
	at org.springframework.boot.logging.log4j2.Log4J2LoggingSystem.initialize(Log4J2LoggingSystem.java:246) ~[spring-boot-3.2.2.jar:3.2.2]
	at org.springframework.boot.context.logging.LoggingApplicationListener.initializeSystem(LoggingApplicationListener.java:335) ~[spring-boot-3.2.2.jar:3.2.2]
	... 19 more
